2020-02-27 23:51:45,406 ERROR    myPIC macro not initialized correctly.
2020-02-27 23:53:27,127 INFO     Read status: {'command': 'image', 'current_well': 'A2'}
2020-02-27 23:53:27,128 INFO     AutoImage script initialized in False
2020-02-27 23:53:27,129 INFO     Read status: {'command': 'image', 'current_well': 'A2'}
2020-02-27 23:53:27,160 INFO     New image found at: Test
2020-02-27 23:53:27,161 INFO     Template image: \$Recycle.Bin
2020-02-27 23:53:27,162 INFO     New image: Test
2020-02-27 23:53:27,179 DEBUG    STREAM b'IHDR' 16 13
2020-02-27 23:53:27,181 DEBUG    STREAM b'sRGB' 41 1
2020-02-27 23:53:27,181 DEBUG    STREAM b'gAMA' 54 4
2020-02-27 23:53:27,182 DEBUG    STREAM b'pHYs' 70 9
2020-02-27 23:53:27,183 DEBUG    STREAM b'IDAT' 91 1502
2020-02-27 23:53:28,229 ERROR    Pause button not found.
2020-02-27 23:53:43,614 INFO     Read status: {'command': 'image', 'current_well': 'A2'}
2020-02-27 23:53:43,615 INFO     AutoImage script initialized in False
2020-02-27 23:53:43,616 INFO     Read status: {'command': 'image', 'current_well': 'A2'}
2020-02-27 23:53:43,645 DEBUG    STREAM b'IHDR' 16 13
2020-02-27 23:53:43,647 DEBUG    STREAM b'sRGB' 41 1
2020-02-27 23:53:43,648 DEBUG    STREAM b'gAMA' 54 4
2020-02-27 23:53:43,648 DEBUG    STREAM b'pHYs' 70 9
2020-02-27 23:53:43,649 DEBUG    STREAM b'IDAT' 91 1502
2020-02-27 23:53:44,733 ERROR    Pause button not found.
2020-02-27 23:53:46,617 INFO     Read status: {'command': 'image', 'current_well': 'A2'}
2020-02-27 23:53:46,649 DEBUG    STREAM b'IHDR' 16 13
2020-02-27 23:53:46,651 DEBUG    STREAM b'sRGB' 41 1
2020-02-27 23:53:46,651 DEBUG    STREAM b'gAMA' 54 4
2020-02-27 23:53:46,652 DEBUG    STREAM b'pHYs' 70 9
2020-02-27 23:53:46,653 DEBUG    STREAM b'IDAT' 91 1502
2020-02-27 23:53:47,554 ERROR    Pause button not found.
2020-02-27 23:53:49,644 INFO     Read status: {'command': 'image', 'current_well': 'A2'}
2020-02-27 23:53:49,693 DEBUG    STREAM b'IHDR' 16 13
2020-02-27 23:53:49,694 DEBUG    STREAM b'sRGB' 41 1
2020-02-27 23:53:49,695 DEBUG    STREAM b'gAMA' 54 4
2020-02-27 23:53:49,695 DEBUG    STREAM b'pHYs' 70 9
2020-02-27 23:53:49,696 DEBUG    STREAM b'IDAT' 91 1502
2020-02-27 23:53:50,861 ERROR    Pause button not found.
2020-02-27 23:54:01,210 INFO     Read status: {'command': 'robot', 'current_well': 'A2'}
2020-02-27 23:54:01,211 INFO     AutoImage script initialized in False
2020-02-27 23:54:01,211 INFO     Read status: {'command': 'robot', 'current_well': 'A2'}
2020-02-27 23:54:04,212 INFO     Read status: {'command': 'robot', 'current_well': 'A2'}
2020-02-27 23:54:07,214 INFO     Read status: {'command': 'robot', 'current_well': 'A2'}
2020-02-27 23:54:10,215 INFO     Read status: {'command': 'robot', 'current_well': 'A2'}
2020-02-27 23:56:29,166 INFO     AutoImage script initialized in False
2020-02-27 23:56:44,215 DEBUG    STREAM b'IHDR' 16 13
2020-02-27 23:56:44,217 DEBUG    STREAM b'sRGB' 41 1
2020-02-27 23:56:44,218 DEBUG    STREAM b'gAMA' 54 4
2020-02-27 23:56:44,219 DEBUG    STREAM b'pHYs' 70 9
2020-02-27 23:56:44,219 DEBUG    STREAM b'IDAT' 91 1502
2020-02-27 23:56:45,276 ERROR    Pause button not found.
2020-02-27 23:56:47,260 DEBUG    STREAM b'IHDR' 16 13
2020-02-27 23:56:47,262 DEBUG    STREAM b'sRGB' 41 1
2020-02-27 23:56:47,263 DEBUG    STREAM b'gAMA' 54 4
2020-02-27 23:56:47,263 DEBUG    STREAM b'pHYs' 70 9
2020-02-27 23:56:47,265 DEBUG    STREAM b'IDAT' 91 1502
2020-02-27 23:56:48,172 ERROR    Pause button not found.
2020-02-27 23:56:50,308 DEBUG    STREAM b'IHDR' 16 13
2020-02-27 23:56:50,310 DEBUG    STREAM b'sRGB' 41 1
2020-02-27 23:56:50,311 DEBUG    STREAM b'gAMA' 54 4
2020-02-27 23:56:50,311 DEBUG    STREAM b'pHYs' 70 9
2020-02-27 23:56:50,312 DEBUG    STREAM b'IDAT' 91 1502
2020-02-27 23:56:51,400 ERROR    Pause button not found.
2020-02-27 23:56:53,340 DEBUG    STREAM b'IHDR' 16 13
2020-02-27 23:56:53,342 DEBUG    STREAM b'sRGB' 41 1
2020-02-27 23:56:53,343 DEBUG    STREAM b'gAMA' 54 4
2020-02-27 23:56:53,344 DEBUG    STREAM b'pHYs' 70 9
2020-02-27 23:56:53,345 DEBUG    STREAM b'IDAT' 91 1502
2020-02-27 23:56:54,494 ERROR    Pause button not found.
2020-02-27 23:56:56,323 DEBUG    STREAM b'IHDR' 16 13
2020-02-27 23:56:56,323 DEBUG    STREAM b'sRGB' 41 1
2020-02-27 23:56:56,323 DEBUG    STREAM b'gAMA' 54 4
2020-02-27 23:56:56,323 DEBUG    STREAM b'pHYs' 70 9
2020-02-27 23:56:56,323 DEBUG    STREAM b'IDAT' 91 1502
2020-02-27 23:56:57,385 ERROR    Pause button not found.
2020-02-27 23:56:59,364 DEBUG    STREAM b'IHDR' 16 13
2020-02-27 23:56:59,366 DEBUG    STREAM b'sRGB' 41 1
2020-02-27 23:56:59,367 DEBUG    STREAM b'gAMA' 54 4
2020-02-27 23:56:59,368 DEBUG    STREAM b'pHYs' 70 9
2020-02-27 23:56:59,368 DEBUG    STREAM b'IDAT' 91 1502
2020-02-27 23:57:00,271 ERROR    Pause button not found.
2020-02-27 23:57:02,415 DEBUG    STREAM b'IHDR' 16 13
2020-02-27 23:57:02,417 DEBUG    STREAM b'sRGB' 41 1
2020-02-27 23:57:02,417 DEBUG    STREAM b'gAMA' 54 4
2020-02-27 23:57:02,417 DEBUG    STREAM b'pHYs' 70 9
2020-02-27 23:57:02,417 DEBUG    STREAM b'IDAT' 91 1502
2020-02-27 23:57:03,462 ERROR    Pause button not found.
2020-02-27 23:57:05,441 DEBUG    STREAM b'IHDR' 16 13
2020-02-27 23:57:05,443 DEBUG    STREAM b'sRGB' 41 1
2020-02-27 23:57:05,443 DEBUG    STREAM b'gAMA' 54 4
2020-02-27 23:57:05,444 DEBUG    STREAM b'pHYs' 70 9
2020-02-27 23:57:05,444 DEBUG    STREAM b'IDAT' 91 1502
2020-02-27 23:57:06,385 ERROR    Pause button not found.
2020-02-27 23:57:08,472 DEBUG    STREAM b'IHDR' 16 13
2020-02-27 23:57:08,474 DEBUG    STREAM b'sRGB' 41 1
2020-02-27 23:57:08,474 DEBUG    STREAM b'gAMA' 54 4
2020-02-27 23:57:08,475 DEBUG    STREAM b'pHYs' 70 9
2020-02-27 23:57:08,475 DEBUG    STREAM b'IDAT' 91 1502
2020-02-27 23:57:09,406 ERROR    Pause button not found.
2020-02-27 23:57:11,490 DEBUG    STREAM b'IHDR' 16 13
2020-02-27 23:57:11,492 DEBUG    STREAM b'sRGB' 41 1
2020-02-27 23:57:11,493 DEBUG    STREAM b'gAMA' 54 4
2020-02-27 23:57:11,493 DEBUG    STREAM b'pHYs' 70 9
2020-02-27 23:57:11,494 DEBUG    STREAM b'IDAT' 91 1502
2020-02-27 23:57:12,644 ERROR    Pause button not found.
2020-02-27 23:57:14,476 DEBUG    STREAM b'IHDR' 16 13
2020-02-27 23:57:14,478 DEBUG    STREAM b'sRGB' 41 1
2020-02-27 23:57:14,479 DEBUG    STREAM b'gAMA' 54 4
2020-02-27 23:57:14,480 DEBUG    STREAM b'pHYs' 70 9
2020-02-27 23:57:14,481 DEBUG    STREAM b'IDAT' 91 1502
2020-02-27 23:57:15,515 ERROR    Pause button not found.
2020-02-27 23:57:17,515 DEBUG    STREAM b'IHDR' 16 13
2020-02-27 23:57:17,517 DEBUG    STREAM b'sRGB' 41 1
2020-02-27 23:57:17,517 DEBUG    STREAM b'gAMA' 54 4
2020-02-27 23:57:17,518 DEBUG    STREAM b'pHYs' 70 9
2020-02-27 23:57:17,519 DEBUG    STREAM b'IDAT' 91 1502
2020-02-27 23:57:18,434 ERROR    Pause button not found.
2020-02-27 23:57:20,536 DEBUG    STREAM b'IHDR' 16 13
2020-02-27 23:57:20,538 DEBUG    STREAM b'sRGB' 41 1
2020-02-27 23:57:20,538 DEBUG    STREAM b'gAMA' 54 4
2020-02-27 23:57:20,539 DEBUG    STREAM b'pHYs' 70 9
2020-02-27 23:57:20,540 DEBUG    STREAM b'IDAT' 91 1502
2020-02-27 23:57:21,511 ERROR    Pause button not found.
2020-02-27 23:57:23,565 DEBUG    STREAM b'IHDR' 16 13
2020-02-27 23:57:23,567 DEBUG    STREAM b'sRGB' 41 1
2020-02-27 23:57:23,568 DEBUG    STREAM b'gAMA' 54 4
2020-02-27 23:57:23,568 DEBUG    STREAM b'pHYs' 70 9
2020-02-27 23:57:23,569 DEBUG    STREAM b'IDAT' 91 1502
2020-02-27 23:57:24,501 ERROR    Pause button not found.
2020-02-27 23:57:26,593 DEBUG    STREAM b'IHDR' 16 13
2020-02-27 23:57:26,594 DEBUG    STREAM b'sRGB' 41 1
2020-02-27 23:57:26,595 DEBUG    STREAM b'gAMA' 54 4
2020-02-27 23:57:26,596 DEBUG    STREAM b'pHYs' 70 9
2020-02-27 23:57:26,596 DEBUG    STREAM b'IDAT' 91 1502
2020-02-27 23:57:27,548 ERROR    Pause button not found.
2020-02-27 23:57:29,616 DEBUG    STREAM b'IHDR' 16 13
2020-02-27 23:57:29,619 DEBUG    STREAM b'sRGB' 41 1
2020-02-27 23:57:29,619 DEBUG    STREAM b'gAMA' 54 4
2020-02-27 23:57:29,620 DEBUG    STREAM b'pHYs' 70 9
2020-02-27 23:57:29,621 DEBUG    STREAM b'IDAT' 91 1502
2020-02-27 23:57:30,728 ERROR    Pause button not found.
2020-02-27 23:57:32,633 DEBUG    STREAM b'IHDR' 16 13
2020-02-27 23:57:32,635 DEBUG    STREAM b'sRGB' 41 1
2020-02-27 23:57:32,636 DEBUG    STREAM b'gAMA' 54 4
2020-02-27 23:57:32,636 DEBUG    STREAM b'pHYs' 70 9
2020-02-27 23:57:32,637 DEBUG    STREAM b'IDAT' 91 1502
2020-02-27 23:57:33,597 ERROR    Pause button not found.
2020-02-27 23:57:35,671 DEBUG    STREAM b'IHDR' 16 13
2020-02-27 23:57:35,673 DEBUG    STREAM b'sRGB' 41 1
2020-02-27 23:57:35,673 DEBUG    STREAM b'gAMA' 54 4
2020-02-27 23:57:35,674 DEBUG    STREAM b'pHYs' 70 9
2020-02-27 23:57:35,675 DEBUG    STREAM b'IDAT' 91 1502
2020-02-27 23:57:36,695 ERROR    Pause button not found.
2020-02-27 23:57:38,717 DEBUG    STREAM b'IHDR' 16 13
2020-02-27 23:57:38,719 DEBUG    STREAM b'sRGB' 41 1
2020-02-27 23:57:38,719 DEBUG    STREAM b'gAMA' 54 4
2020-02-27 23:57:38,720 DEBUG    STREAM b'pHYs' 70 9
2020-02-27 23:57:38,721 DEBUG    STREAM b'IDAT' 91 1502
2020-02-27 23:57:39,785 ERROR    Pause button not found.
2020-02-27 23:57:41,744 DEBUG    STREAM b'IHDR' 16 13
2020-02-27 23:57:41,746 DEBUG    STREAM b'sRGB' 41 1
2020-02-27 23:57:41,746 DEBUG    STREAM b'gAMA' 54 4
2020-02-27 23:57:41,747 DEBUG    STREAM b'pHYs' 70 9
2020-02-27 23:57:41,747 DEBUG    STREAM b'IDAT' 91 1502
2020-02-27 23:57:42,679 ERROR    Pause button not found.
2020-02-27 23:57:44,785 DEBUG    STREAM b'IHDR' 16 13
2020-02-27 23:57:44,787 DEBUG    STREAM b'sRGB' 41 1
2020-02-27 23:57:44,788 DEBUG    STREAM b'gAMA' 54 4
2020-02-27 23:57:44,788 DEBUG    STREAM b'pHYs' 70 9
2020-02-27 23:57:44,789 DEBUG    STREAM b'IDAT' 91 1502
2020-02-27 23:57:45,743 ERROR    Pause button not found.
2020-02-27 23:57:47,806 DEBUG    STREAM b'IHDR' 16 13
2020-02-27 23:57:47,808 DEBUG    STREAM b'sRGB' 41 1
2020-02-27 23:57:47,808 DEBUG    STREAM b'gAMA' 54 4
2020-02-27 23:57:47,809 DEBUG    STREAM b'pHYs' 70 9
2020-02-27 23:57:47,810 DEBUG    STREAM b'IDAT' 91 1502
2020-02-27 23:57:48,756 ERROR    Pause button not found.
2020-02-27 23:57:50,832 DEBUG    STREAM b'IHDR' 16 13
2020-02-27 23:57:50,834 DEBUG    STREAM b'sRGB' 41 1
2020-02-27 23:57:50,834 DEBUG    STREAM b'gAMA' 54 4
2020-02-27 23:57:50,835 DEBUG    STREAM b'pHYs' 70 9
2020-02-27 23:57:50,836 DEBUG    STREAM b'IDAT' 91 1502
2020-02-27 23:57:51,777 ERROR    Pause button not found.
2020-02-27 23:57:53,835 DEBUG    STREAM b'IHDR' 16 13
2020-02-27 23:57:53,837 DEBUG    STREAM b'sRGB' 41 1
2020-02-27 23:57:53,837 DEBUG    STREAM b'gAMA' 54 4
2020-02-27 23:57:53,838 DEBUG    STREAM b'pHYs' 70 9
2020-02-27 23:57:53,838 DEBUG    STREAM b'IDAT' 91 1502
2020-02-27 23:57:54,820 ERROR    Pause button not found.
2020-02-27 23:57:56,861 DEBUG    STREAM b'IHDR' 16 13
2020-02-27 23:57:56,863 DEBUG    STREAM b'sRGB' 41 1
2020-02-27 23:57:56,863 DEBUG    STREAM b'gAMA' 54 4
2020-02-27 23:57:56,864 DEBUG    STREAM b'pHYs' 70 9
2020-02-27 23:57:56,864 DEBUG    STREAM b'IDAT' 91 1502
2020-02-27 23:57:57,807 ERROR    Pause button not found.
2020-02-27 23:57:59,880 DEBUG    STREAM b'IHDR' 16 13
2020-02-27 23:57:59,882 DEBUG    STREAM b'sRGB' 41 1
2020-02-27 23:57:59,883 DEBUG    STREAM b'gAMA' 54 4
2020-02-27 23:57:59,883 DEBUG    STREAM b'pHYs' 70 9
2020-02-27 23:57:59,884 DEBUG    STREAM b'IDAT' 91 1502
2020-02-27 23:58:00,815 ERROR    Pause button not found.
2020-02-27 23:58:02,928 DEBUG    STREAM b'IHDR' 16 13
2020-02-27 23:58:02,930 DEBUG    STREAM b'sRGB' 41 1
2020-02-27 23:58:02,931 DEBUG    STREAM b'gAMA' 54 4
2020-02-27 23:58:02,932 DEBUG    STREAM b'pHYs' 70 9
2020-02-27 23:58:02,932 DEBUG    STREAM b'IDAT' 91 1502
2020-02-27 23:58:03,880 ERROR    Pause button not found.
2020-02-27 23:58:05,935 DEBUG    STREAM b'IHDR' 16 13
2020-02-27 23:58:05,936 DEBUG    STREAM b'sRGB' 41 1
2020-02-27 23:58:05,937 DEBUG    STREAM b'gAMA' 54 4
2020-02-27 23:58:05,937 DEBUG    STREAM b'pHYs' 70 9
2020-02-27 23:58:05,938 DEBUG    STREAM b'IDAT' 91 1502
2020-02-27 23:58:06,904 ERROR    Pause button not found.
2020-02-27 23:58:08,966 DEBUG    STREAM b'IHDR' 16 13
2020-02-27 23:58:08,968 DEBUG    STREAM b'sRGB' 41 1
2020-02-27 23:58:08,968 DEBUG    STREAM b'gAMA' 54 4
2020-02-27 23:58:08,969 DEBUG    STREAM b'pHYs' 70 9
2020-02-27 23:58:08,970 DEBUG    STREAM b'IDAT' 91 1502
2020-02-27 23:58:09,880 ERROR    Pause button not found.
2020-02-27 23:58:12,025 INFO     New image found at: Test
2020-02-27 23:58:12,025 INFO     Template image: \$Recycle.Bin
2020-02-27 23:58:12,025 INFO     New image: Test
2020-02-27 23:58:12,025 DEBUG    STREAM b'IHDR' 16 13
2020-02-27 23:58:12,025 DEBUG    STREAM b'sRGB' 41 1
2020-02-27 23:58:12,025 DEBUG    STREAM b'gAMA' 54 4
2020-02-27 23:58:12,025 DEBUG    STREAM b'pHYs' 70 9
2020-02-27 23:58:12,025 DEBUG    STREAM b'IDAT' 91 1502
2020-02-27 23:58:12,955 ERROR    Pause button not found.
2020-02-27 23:58:46,327 INFO     AutoImage script initialized in False
2020-02-27 23:58:46,328 INFO     New image found at: C:\Temp
2020-02-27 23:58:46,363 INFO     Template image: C:\\$Recycle.Bin
2020-02-27 23:58:46,363 INFO     New image: C:\Temp
2020-02-27 23:58:46,368 DEBUG    STREAM b'IHDR' 16 13
2020-02-27 23:58:46,370 DEBUG    STREAM b'sRGB' 41 1
2020-02-27 23:58:46,370 DEBUG    STREAM b'gAMA' 54 4
2020-02-27 23:58:46,371 DEBUG    STREAM b'pHYs' 70 9
2020-02-27 23:58:46,372 DEBUG    STREAM b'IDAT' 91 1502
2020-02-27 23:58:47,304 ERROR    Pause button not found.
2020-02-27 23:59:56,048 INFO     AutoImage script initialized in False
2020-02-27 23:59:56,050 INFO     New image found at: "P:\Kai\20191206-Exp302-Sequential_bridges_tests\20191206_Ibidi2-ChB-15min-D1-1XA565.czi"
2020-02-27 23:59:56,094 DEBUG    STREAM b'IHDR' 16 13
2020-02-27 23:59:56,095 DEBUG    STREAM b'sRGB' 41 1
2020-02-27 23:59:56,096 DEBUG    STREAM b'gAMA' 54 4
2020-02-27 23:59:56,097 DEBUG    STREAM b'pHYs' 70 9
2020-02-27 23:59:56,097 DEBUG    STREAM b'IDAT' 91 1502
2020-02-27 23:59:57,042 ERROR    Pause button not found.
2020-02-28 00:00:21,481 INFO     AutoImage script initialized in False
2020-02-28 00:00:21,534 INFO     New image found at: P:\Kai\20191206-Exp302-Sequential_bridges_tests\20191206_Ibidi2-ChB-15min-D1-1XA565.czi
2020-02-28 00:00:21,537 INFO     Template image: P:\Kai\20191206-Exp302-Sequential_bridges_tests\20191206_Ibidi2-ChB-15min-D1-1XA565-25FA_wash.czi
2020-02-28 00:00:21,537 INFO     New image: P:\Kai\20191206-Exp302-Sequential_bridges_tests\20191206_Ibidi2-ChB-15min-D1-1XA565.czi
2020-02-28 00:00:21,540 DEBUG    STREAM b'IHDR' 16 13
2020-02-28 00:00:21,541 DEBUG    STREAM b'sRGB' 41 1
2020-02-28 00:00:21,542 DEBUG    STREAM b'gAMA' 54 4
2020-02-28 00:00:21,542 DEBUG    STREAM b'pHYs' 70 9
2020-02-28 00:00:21,543 DEBUG    STREAM b'IDAT' 91 1502
2020-02-28 00:00:22,473 ERROR    Pause button not found.
2020-02-28 00:00:46,449 INFO     Finished registering, newX, newY, newZ: 517.4 510.6 14.5
2020-02-28 00:00:51,489 DEBUG    STREAM b'IHDR' 16 13
2020-02-28 00:00:51,491 DEBUG    STREAM b'sRGB' 41 1
2020-02-28 00:00:51,491 DEBUG    STREAM b'gAMA' 54 4
2020-02-28 00:00:51,492 DEBUG    STREAM b'pHYs' 70 9
2020-02-28 00:00:51,493 DEBUG    STREAM b'IDAT' 91 1502
2020-02-28 00:00:52,390 ERROR    Pause button not found.
2020-02-28 00:00:54,519 DEBUG    STREAM b'IHDR' 16 13
2020-02-28 00:00:54,521 DEBUG    STREAM b'sRGB' 41 1
2020-02-28 00:00:54,522 DEBUG    STREAM b'gAMA' 54 4
2020-02-28 00:00:54,522 DEBUG    STREAM b'pHYs' 70 9
2020-02-28 00:00:54,523 DEBUG    STREAM b'IDAT' 91 1502
2020-02-28 00:00:55,588 ERROR    Pause button not found.
2020-02-28 00:00:57,543 DEBUG    STREAM b'IHDR' 16 13
2020-02-28 00:00:57,543 DEBUG    STREAM b'sRGB' 41 1
2020-02-28 00:00:57,543 DEBUG    STREAM b'gAMA' 54 4
2020-02-28 00:00:57,543 DEBUG    STREAM b'pHYs' 70 9
2020-02-28 00:00:57,543 DEBUG    STREAM b'IDAT' 91 1502
2020-02-28 00:00:58,655 ERROR    Pause button not found.
2020-02-28 00:01:00,578 DEBUG    STREAM b'IHDR' 16 13
2020-02-28 00:01:00,581 DEBUG    STREAM b'sRGB' 41 1
2020-02-28 00:01:00,581 DEBUG    STREAM b'gAMA' 54 4
2020-02-28 00:01:00,582 DEBUG    STREAM b'pHYs' 70 9
2020-02-28 00:01:00,583 DEBUG    STREAM b'IDAT' 91 1502
2020-02-28 00:01:01,490 ERROR    Pause button not found.
2020-02-28 00:01:03,623 DEBUG    STREAM b'IHDR' 16 13
2020-02-28 00:01:03,623 DEBUG    STREAM b'sRGB' 41 1
2020-02-28 00:01:03,623 DEBUG    STREAM b'gAMA' 54 4
2020-02-28 00:01:03,623 DEBUG    STREAM b'pHYs' 70 9
2020-02-28 00:01:03,623 DEBUG    STREAM b'IDAT' 91 1502
2020-02-28 00:01:04,682 ERROR    Pause button not found.
2020-02-28 00:01:06,661 DEBUG    STREAM b'IHDR' 16 13
2020-02-28 00:01:06,663 DEBUG    STREAM b'sRGB' 41 1
2020-02-28 00:01:06,663 DEBUG    STREAM b'gAMA' 54 4
2020-02-28 00:01:06,664 DEBUG    STREAM b'pHYs' 70 9
2020-02-28 00:01:06,664 DEBUG    STREAM b'IDAT' 91 1502
2020-02-28 00:01:07,657 ERROR    Pause button not found.
2020-02-28 00:01:09,681 DEBUG    STREAM b'IHDR' 16 13
2020-02-28 00:01:09,683 DEBUG    STREAM b'sRGB' 41 1
2020-02-28 00:01:09,683 DEBUG    STREAM b'gAMA' 54 4
2020-02-28 00:01:09,684 DEBUG    STREAM b'pHYs' 70 9
2020-02-28 00:01:09,685 DEBUG    STREAM b'IDAT' 91 1502
2020-02-28 00:01:10,982 ERROR    Pause button not found.
2020-02-28 00:01:12,732 DEBUG    STREAM b'IHDR' 16 13
2020-02-28 00:01:12,734 DEBUG    STREAM b'sRGB' 41 1
2020-02-28 00:01:12,734 DEBUG    STREAM b'gAMA' 54 4
2020-02-28 00:01:12,735 DEBUG    STREAM b'pHYs' 70 9
2020-02-28 00:01:12,736 DEBUG    STREAM b'IDAT' 91 1502
2020-02-28 00:01:13,762 ERROR    Pause button not found.
2020-02-28 00:01:15,785 DEBUG    STREAM b'IHDR' 16 13
2020-02-28 00:01:15,788 DEBUG    STREAM b'sRGB' 41 1
2020-02-28 00:01:15,788 DEBUG    STREAM b'gAMA' 54 4
2020-02-28 00:01:15,789 DEBUG    STREAM b'pHYs' 70 9
2020-02-28 00:01:15,789 DEBUG    STREAM b'IDAT' 91 1502
2020-02-28 00:01:16,751 ERROR    Pause button not found.
2020-02-28 00:01:18,832 DEBUG    STREAM b'IHDR' 16 13
2020-02-28 00:01:18,833 DEBUG    STREAM b'sRGB' 41 1
2020-02-28 00:01:18,834 DEBUG    STREAM b'gAMA' 54 4
2020-02-28 00:01:18,835 DEBUG    STREAM b'pHYs' 70 9
2020-02-28 00:01:18,835 DEBUG    STREAM b'IDAT' 91 1502
2020-02-28 00:01:20,041 ERROR    Pause button not found.
2020-02-28 00:02:13,639 INFO     AutoImage script initialized in False
2020-02-28 00:02:13,692 DEBUG    STREAM b'IHDR' 16 13
2020-02-28 00:02:13,694 DEBUG    STREAM b'sRGB' 41 1
2020-02-28 00:02:13,695 DEBUG    STREAM b'gAMA' 54 4
2020-02-28 00:02:13,695 DEBUG    STREAM b'pHYs' 70 9
2020-02-28 00:02:13,696 DEBUG    STREAM b'IDAT' 91 1502
2020-02-28 00:02:14,626 ERROR    Pause button not found.
2020-02-28 00:02:16,760 DEBUG    STREAM b'IHDR' 16 13
2020-02-28 00:02:16,760 DEBUG    STREAM b'sRGB' 41 1
2020-02-28 00:02:16,760 DEBUG    STREAM b'gAMA' 54 4
2020-02-28 00:02:16,760 DEBUG    STREAM b'pHYs' 70 9
2020-02-28 00:02:16,760 DEBUG    STREAM b'IDAT' 91 1502
2020-02-28 00:02:17,854 ERROR    Pause button not found.
2020-02-28 00:02:19,795 DEBUG    STREAM b'IHDR' 16 13
2020-02-28 00:02:19,797 DEBUG    STREAM b'sRGB' 41 1
2020-02-28 00:02:19,797 DEBUG    STREAM b'gAMA' 54 4
2020-02-28 00:02:19,798 DEBUG    STREAM b'pHYs' 70 9
2020-02-28 00:02:19,799 DEBUG    STREAM b'IDAT' 91 1502
2020-02-28 00:02:20,695 ERROR    Pause button not found.
2020-02-28 00:02:22,820 DEBUG    STREAM b'IHDR' 16 13
2020-02-28 00:02:22,822 DEBUG    STREAM b'sRGB' 41 1
2020-02-28 00:02:22,822 DEBUG    STREAM b'gAMA' 54 4
2020-02-28 00:02:22,823 DEBUG    STREAM b'pHYs' 70 9
2020-02-28 00:02:22,823 DEBUG    STREAM b'IDAT' 91 1502
2020-02-28 00:02:23,732 ERROR    Pause button not found.
2020-02-28 00:02:25,872 DEBUG    STREAM b'IHDR' 16 13
2020-02-28 00:02:25,874 DEBUG    STREAM b'sRGB' 41 1
2020-02-28 00:02:25,874 DEBUG    STREAM b'gAMA' 54 4
2020-02-28 00:02:25,875 DEBUG    STREAM b'pHYs' 70 9
2020-02-28 00:02:25,875 DEBUG    STREAM b'IDAT' 91 1502
2020-02-28 00:02:26,787 ERROR    Pause button not found.
2020-02-28 00:02:28,907 DEBUG    STREAM b'IHDR' 16 13
2020-02-28 00:02:28,908 DEBUG    STREAM b'sRGB' 41 1
2020-02-28 00:02:28,909 DEBUG    STREAM b'gAMA' 54 4
2020-02-28 00:02:28,910 DEBUG    STREAM b'pHYs' 70 9
2020-02-28 00:02:28,910 DEBUG    STREAM b'IDAT' 91 1502
2020-02-28 00:02:29,815 ERROR    Pause button not found.
2020-02-28 00:02:31,954 DEBUG    STREAM b'IHDR' 16 13
2020-02-28 00:02:31,957 DEBUG    STREAM b'sRGB' 41 1
2020-02-28 00:02:31,957 DEBUG    STREAM b'gAMA' 54 4
2020-02-28 00:02:31,958 DEBUG    STREAM b'pHYs' 70 9
2020-02-28 00:02:31,958 DEBUG    STREAM b'IDAT' 91 1502
2020-02-28 00:02:32,917 ERROR    Pause button not found.
2020-02-28 00:02:34,946 DEBUG    STREAM b'IHDR' 16 13
2020-02-28 00:02:34,948 DEBUG    STREAM b'sRGB' 41 1
2020-02-28 00:02:34,948 DEBUG    STREAM b'gAMA' 54 4
2020-02-28 00:02:34,949 DEBUG    STREAM b'pHYs' 70 9
2020-02-28 00:02:34,950 DEBUG    STREAM b'IDAT' 91 1502
2020-02-28 00:02:35,979 ERROR    Pause button not found.
2020-02-28 00:02:38,004 DEBUG    STREAM b'IHDR' 16 13
2020-02-28 00:02:38,004 DEBUG    STREAM b'sRGB' 41 1
2020-02-28 00:02:38,004 DEBUG    STREAM b'gAMA' 54 4
2020-02-28 00:02:38,004 DEBUG    STREAM b'pHYs' 70 9
2020-02-28 00:02:38,004 DEBUG    STREAM b'IDAT' 91 1502
2020-02-28 00:02:39,024 ERROR    Pause button not found.
2020-02-28 00:02:41,059 DEBUG    STREAM b'IHDR' 16 13
2020-02-28 00:02:41,060 DEBUG    STREAM b'sRGB' 41 1
2020-02-28 00:02:41,061 DEBUG    STREAM b'gAMA' 54 4
2020-02-28 00:02:41,062 DEBUG    STREAM b'pHYs' 70 9
2020-02-28 00:02:41,062 DEBUG    STREAM b'IDAT' 91 1502
2020-02-28 00:02:41,948 ERROR    Pause button not found.
2020-02-28 00:02:44,072 DEBUG    STREAM b'IHDR' 16 13
2020-02-28 00:02:44,072 DEBUG    STREAM b'sRGB' 41 1
2020-02-28 00:02:44,072 DEBUG    STREAM b'gAMA' 54 4
2020-02-28 00:02:44,072 DEBUG    STREAM b'pHYs' 70 9
2020-02-28 00:02:44,072 DEBUG    STREAM b'IDAT' 91 1502
2020-02-28 00:02:45,113 ERROR    Pause button not found.
2020-02-28 00:02:47,124 DEBUG    STREAM b'IHDR' 16 13
2020-02-28 00:02:47,126 DEBUG    STREAM b'sRGB' 41 1
2020-02-28 00:02:47,126 DEBUG    STREAM b'gAMA' 54 4
2020-02-28 00:02:47,127 DEBUG    STREAM b'pHYs' 70 9
2020-02-28 00:02:47,127 DEBUG    STREAM b'IDAT' 91 1502
2020-02-28 00:02:48,070 ERROR    Pause button not found.
2020-02-28 00:02:50,174 DEBUG    STREAM b'IHDR' 16 13
2020-02-28 00:02:50,176 DEBUG    STREAM b'sRGB' 41 1
2020-02-28 00:02:50,176 DEBUG    STREAM b'gAMA' 54 4
2020-02-28 00:02:50,177 DEBUG    STREAM b'pHYs' 70 9
2020-02-28 00:02:50,178 DEBUG    STREAM b'IDAT' 91 1502
2020-02-28 00:02:51,072 ERROR    Pause button not found.
2020-02-28 00:02:53,222 DEBUG    STREAM b'IHDR' 16 13
2020-02-28 00:02:53,224 DEBUG    STREAM b'sRGB' 41 1
2020-02-28 00:02:53,224 DEBUG    STREAM b'gAMA' 54 4
2020-02-28 00:02:53,225 DEBUG    STREAM b'pHYs' 70 9
2020-02-28 00:02:53,225 DEBUG    STREAM b'IDAT' 91 1502
2020-02-28 00:02:54,199 ERROR    Pause button not found.
2020-02-28 00:02:56,248 DEBUG    STREAM b'IHDR' 16 13
2020-02-28 00:02:56,250 DEBUG    STREAM b'sRGB' 41 1
2020-02-28 00:02:56,251 DEBUG    STREAM b'gAMA' 54 4
2020-02-28 00:02:56,251 DEBUG    STREAM b'pHYs' 70 9
2020-02-28 00:02:56,252 DEBUG    STREAM b'IDAT' 91 1502
2020-02-28 00:02:57,179 ERROR    Pause button not found.
2020-02-28 00:02:59,291 DEBUG    STREAM b'IHDR' 16 13
2020-02-28 00:02:59,293 DEBUG    STREAM b'sRGB' 41 1
2020-02-28 00:02:59,293 DEBUG    STREAM b'gAMA' 54 4
2020-02-28 00:02:59,294 DEBUG    STREAM b'pHYs' 70 9
2020-02-28 00:02:59,295 DEBUG    STREAM b'IDAT' 91 1502
2020-02-28 00:03:00,228 ERROR    Pause button not found.
2020-02-28 00:03:02,344 DEBUG    STREAM b'IHDR' 16 13
2020-02-28 00:03:02,345 DEBUG    STREAM b'sRGB' 41 1
2020-02-28 00:03:02,346 DEBUG    STREAM b'gAMA' 54 4
2020-02-28 00:03:02,347 DEBUG    STREAM b'pHYs' 70 9
2020-02-28 00:03:02,347 DEBUG    STREAM b'IDAT' 91 1502
2020-02-28 00:03:03,258 ERROR    Pause button not found.
2020-02-28 00:03:05,390 DEBUG    STREAM b'IHDR' 16 13
2020-02-28 00:03:05,392 DEBUG    STREAM b'sRGB' 41 1
2020-02-28 00:03:05,392 DEBUG    STREAM b'gAMA' 54 4
2020-02-28 00:03:05,393 DEBUG    STREAM b'pHYs' 70 9
2020-02-28 00:03:05,394 DEBUG    STREAM b'IDAT' 91 1502
2020-02-28 00:03:06,297 ERROR    Pause button not found.
2020-02-28 00:03:08,432 DEBUG    STREAM b'IHDR' 16 13
2020-02-28 00:03:08,432 DEBUG    STREAM b'sRGB' 41 1
2020-02-28 00:03:08,432 DEBUG    STREAM b'gAMA' 54 4
2020-02-28 00:03:08,432 DEBUG    STREAM b'pHYs' 70 9
2020-02-28 00:03:08,432 DEBUG    STREAM b'IDAT' 91 1502
2020-02-28 00:03:09,341 ERROR    Pause button not found.
2020-02-28 00:03:11,459 DEBUG    STREAM b'IHDR' 16 13
2020-02-28 00:03:11,461 DEBUG    STREAM b'sRGB' 41 1
2020-02-28 00:03:11,461 DEBUG    STREAM b'gAMA' 54 4
2020-02-28 00:03:11,462 DEBUG    STREAM b'pHYs' 70 9
2020-02-28 00:03:11,463 DEBUG    STREAM b'IDAT' 91 1502
2020-02-28 00:03:12,366 ERROR    Pause button not found.
2020-02-28 00:03:14,500 DEBUG    STREAM b'IHDR' 16 13
2020-02-28 00:03:14,502 DEBUG    STREAM b'sRGB' 41 1
2020-02-28 00:03:14,502 DEBUG    STREAM b'gAMA' 54 4
2020-02-28 00:03:14,503 DEBUG    STREAM b'pHYs' 70 9
2020-02-28 00:03:14,504 DEBUG    STREAM b'IDAT' 91 1502
2020-02-28 00:03:15,447 ERROR    Pause button not found.
2020-02-28 00:03:17,534 DEBUG    STREAM b'IHDR' 16 13
2020-02-28 00:03:17,536 DEBUG    STREAM b'sRGB' 41 1
2020-02-28 00:03:17,536 DEBUG    STREAM b'gAMA' 54 4
2020-02-28 00:03:17,537 DEBUG    STREAM b'pHYs' 70 9
2020-02-28 00:03:17,538 DEBUG    STREAM b'IDAT' 91 1502
2020-02-28 00:03:18,423 ERROR    Pause button not found.
2020-02-28 00:03:20,534 DEBUG    STREAM b'IHDR' 16 13
2020-02-28 00:03:20,536 DEBUG    STREAM b'sRGB' 41 1
2020-02-28 00:03:20,537 DEBUG    STREAM b'gAMA' 54 4
2020-02-28 00:03:20,537 DEBUG    STREAM b'pHYs' 70 9
2020-02-28 00:03:20,538 DEBUG    STREAM b'IDAT' 91 1502
2020-02-28 00:03:21,526 ERROR    Pause button not found.
2020-02-28 00:03:23,588 DEBUG    STREAM b'IHDR' 16 13
2020-02-28 00:03:23,588 DEBUG    STREAM b'sRGB' 41 1
2020-02-28 00:03:23,588 DEBUG    STREAM b'gAMA' 54 4
2020-02-28 00:03:23,588 DEBUG    STREAM b'pHYs' 70 9
2020-02-28 00:03:23,588 DEBUG    STREAM b'IDAT' 91 1502
2020-02-28 00:03:24,646 ERROR    Pause button not found.
2020-02-28 00:05:17,401 INFO     AutoImage script initialized in False
2020-02-28 00:05:17,437 DEBUG    STREAM b'IHDR' 16 13
2020-02-28 00:05:17,440 DEBUG    STREAM b'sRGB' 41 1
2020-02-28 00:05:17,440 DEBUG    STREAM b'gAMA' 54 4
2020-02-28 00:05:17,441 DEBUG    STREAM b'pHYs' 70 9
2020-02-28 00:05:17,441 DEBUG    STREAM b'IDAT' 91 1502
2020-02-28 00:05:18,572 ERROR    Pause button not found.
2020-02-28 00:05:20,458 DEBUG    STREAM b'IHDR' 16 13
2020-02-28 00:05:20,460 DEBUG    STREAM b'sRGB' 41 1
2020-02-28 00:05:20,461 DEBUG    STREAM b'gAMA' 54 4
2020-02-28 00:05:20,462 DEBUG    STREAM b'pHYs' 70 9
2020-02-28 00:05:20,462 DEBUG    STREAM b'IDAT' 91 1502
2020-02-28 00:05:21,383 ERROR    Pause button not found.
2020-02-28 00:05:23,549 DEBUG    STREAM b'IHDR' 16 13
2020-02-28 00:05:23,550 DEBUG    STREAM b'sRGB' 41 1
2020-02-28 00:05:23,551 DEBUG    STREAM b'gAMA' 54 4
2020-02-28 00:05:23,552 DEBUG    STREAM b'pHYs' 70 9
2020-02-28 00:05:23,553 DEBUG    STREAM b'IDAT' 91 1502
2020-02-28 00:05:24,671 ERROR    Pause button not found.
2020-02-28 00:05:26,579 DEBUG    STREAM b'IHDR' 16 13
2020-02-28 00:05:26,581 DEBUG    STREAM b'sRGB' 41 1
2020-02-28 00:05:26,582 DEBUG    STREAM b'gAMA' 54 4
2020-02-28 00:05:26,583 DEBUG    STREAM b'pHYs' 70 9
2020-02-28 00:05:26,583 DEBUG    STREAM b'IDAT' 91 1502
2020-02-28 00:05:27,557 ERROR    Pause button not found.
2020-02-28 00:05:37,494 DEBUG    STREAM b'IHDR' 16 13
2020-02-28 00:05:37,494 DEBUG    STREAM b'sRGB' 41 1
2020-02-28 00:05:37,494 DEBUG    STREAM b'gAMA' 54 4
2020-02-28 00:05:37,494 DEBUG    STREAM b'pHYs' 70 9
2020-02-28 00:05:37,494 DEBUG    STREAM b'IDAT' 91 1502
2020-02-28 00:05:59,994 DEBUG    STREAM b'IHDR' 16 13
2020-02-28 00:05:59,995 DEBUG    STREAM b'sRGB' 41 1
2020-02-28 00:05:59,996 DEBUG    STREAM b'gAMA' 54 4
2020-02-28 00:05:59,996 DEBUG    STREAM b'pHYs' 70 9
2020-02-28 00:05:59,997 DEBUG    STREAM b'IDAT' 91 1502
2020-02-28 00:07:47,296 DEBUG    STREAM b'IHDR' 16 13
2020-02-28 00:07:47,297 DEBUG    STREAM b'sRGB' 41 1
2020-02-28 00:07:47,297 DEBUG    STREAM b'gAMA' 54 4
2020-02-28 00:07:47,298 DEBUG    STREAM b'pHYs' 70 9
2020-02-28 00:07:47,299 DEBUG    STREAM b'IDAT' 91 964
2020-02-28 00:13:53,582 INFO     AutoImage script initialized in False
2020-02-28 00:13:54,604 ERROR    Pause button not found.
2020-02-28 00:13:57,553 ERROR    Pause button not found.
2020-02-28 00:14:00,729 ERROR    Pause button not found.
2020-02-28 00:14:03,780 ERROR    Pause button not found.
2020-02-28 00:14:20,322 ERROR    Pause button not found.
2020-02-28 00:14:22,753 ERROR    Pause button not found.
2020-02-28 00:14:25,407 ERROR    Pause button not found.
2020-02-28 00:14:28,135 ERROR    Pause button not found.
2020-02-28 00:14:30,770 ERROR    Pause button not found.
2020-02-28 00:14:33,838 ERROR    Pause button not found.
2020-02-28 00:14:36,852 ERROR    Pause button not found.
2020-02-28 00:15:53,398 INFO     AutoImage script initialized in False
2020-02-28 00:16:38,713 INFO     AutoImage script initialized in False
2020-02-28 00:16:53,729 INFO     New image found at: P:\Kai\20200206_Exp313-LSM780M2-BS1_BS2_seq_tests\template_DE_W0001_P0001\template_DE_1_W0001_P0001_T0001.czi
2020-02-28 00:16:53,729 INFO     Template image: P:\Kai\20200206_Exp313-LSM780M2-BS1_BS2_seq_tests\template_DE_W0001_P0001\drift_corr_hyperstack.tiff
2020-02-28 00:16:53,729 INFO     New image: P:\Kai\20200206_Exp313-LSM780M2-BS1_BS2_seq_tests\template_DE_W0001_P0001\template_DE_1_W0001_P0001_T0001.czi
2020-02-28 00:21:03,624 INFO     AutoImage script initialized in False
2020-02-28 00:21:03,625 INFO     New image found at: P:\Kai\20200206_Exp313-LSM780M2-BS1_BS2_seq_tests\template_DE_W0001_P0001\template_DE_1_W0001_P0001_T0001.czi
2020-02-28 00:21:03,628 INFO     Template image: P:\Kai\20200206_Exp313-LSM780M2-BS1_BS2_seq_tests\template_DE_W0001_P0001\template_DE_1_W0001_P0001_T0001.czi
2020-02-28 00:21:03,628 INFO     New image: P:\Kai\20200206_Exp313-LSM780M2-BS1_BS2_seq_tests\template_DE_W0001_P0001\template_DE_1_W0001_P0001_T0001.czi
2020-02-28 00:21:06,599 INFO     Finished registering, newX, newY, newZ: 256.0 256.0 14.5
2020-03-03 16:54:53,824 INFO     AutoImage script initialized in False
2020-03-03 16:54:55,489 ERROR    Pause button not found.
2020-03-03 16:54:58,764 ERROR    Pause button not found.
2020-03-03 17:11:18,267 INFO     AutoImage script initialized in False
2020-03-03 17:11:20,249 ERROR    Pause button not found.
2020-03-03 17:11:23,850 ERROR    Pause button not found.
2020-03-03 17:24:45,885 INFO     AutoImage script initialized in False
2020-03-03 17:38:01,224 INFO     Status updated to: {'command': 'test', 'current_well': 'A2'}
2020-03-03 17:38:37,912 INFO     AutoImage script initialized in False
2020-03-03 17:38:44,641 INFO     Status updated to: {'command': 'robot', 'current_well': 'A2'}
2020-03-03 18:00:53,487 INFO     AutoImage script initialized in False
2020-03-03 21:23:46,349 INFO     Waiting for imaging
2020-03-03 21:23:56,834 INFO     Waiting for imaging
2020-03-03 21:23:59,309 INFO     Waiting for imaging
2020-03-03 21:24:01,840 INFO     Waiting for imaging
2020-03-03 21:24:04,325 INFO     Waiting for imaging
2020-03-03 21:24:06,743 INFO     Waiting for imaging
2020-03-03 21:24:09,205 INFO     Waiting for imaging
2020-03-03 21:24:11,724 INFO     Waiting for imaging
2020-03-03 21:24:14,207 INFO     Waiting for imaging
2020-03-03 21:24:16,640 INFO     Waiting for imaging
2020-03-03 21:24:19,080 INFO     Waiting for imaging
2020-03-03 21:24:21,544 INFO     Waiting for imaging
2020-03-03 21:24:24,395 INFO     Waiting for imaging
2020-03-03 21:24:26,916 INFO     Waiting for imaging
2020-03-03 21:28:41,173 INFO     Waiting for imaging
2020-03-03 21:28:44,654 INFO     Waiting for imaging
2020-03-03 21:28:47,971 INFO     Waiting for imaging
2020-03-04 21:17:10,388 INFO     AutoImage script initialized in False
2020-03-04 21:19:54,816 INFO     AutoImage script initialized in False
2020-03-04 21:20:02,447 INFO     AutoImage script initialized in False
2020-03-04 21:21:52,696 INFO     Template image: P:\Kai\20200206_Exp313-LSM780M2-BS1_BS2_seq_tests\template_DE_W0001_P0001\template_DE_1_W0001_P0001_T0001.czi
2020-03-04 21:21:52,698 INFO     New image: P:\Kai\20200206_Exp313-LSM780M2-BS1_BS2_seq_tests\template_DE_W0001_P0001\template_DE_1_W0001_P0001_T0001.czi
2020-03-04 21:21:52,915 INFO     Template image: P:\Kai\20200206_Exp313-LSM780M2-BS1_BS2_seq_tests\template_DE_W0001_P0001\template_DE_1_W0001_P0001_T0001.czi
2020-03-04 21:21:52,916 INFO     New image: P:\Kai\20200206_Exp313-LSM780M2-BS1_BS2_seq_tests\template_DE_W0001_P0001\template_DE_1_W0001_P0001_T0001.czi
2020-03-04 21:21:53,084 INFO     Template image: P:\Kai\20200206_Exp313-LSM780M2-BS1_BS2_seq_tests\template_DE_W0001_P0001\template_DE_1_W0001_P0001_T0001.czi
2020-03-04 21:21:53,087 INFO     New image: P:\Kai\20200206_Exp313-LSM780M2-BS1_BS2_seq_tests\template_DE_W0001_P0001\template_DE_1_W0001_P0001_T0001.czi
2020-03-04 21:21:56,390 INFO     Finished registering, newX, newY, newZ: 256.0 256.0 14.5
2020-03-04 21:21:56,475 INFO     Finished registering, newX, newY, newZ: 256.0 256.0 14.5
2020-03-04 21:21:56,528 INFO     Finished registering, newX, newY, newZ: 256.0 256.0 14.5
2020-03-04 21:22:52,582 INFO     AutoImage script initialized in False
2020-03-04 21:23:06,618 INFO     Template image: P:\Kai\20200206_Exp313-LSM780M2-BS1_BS2_seq_tests\template_DE_W0001_P0001\template_DE_1_W0001_P0001_T0001.czi
2020-03-04 21:23:06,621 INFO     New image: P:\Kai\20200206_Exp313-LSM780M2-BS1_BS2_seq_tests\template_DE_W0001_P0001\template_DE_1_W0001_P0001_T0001.czi
2020-03-04 21:23:06,665 INFO     Template image: P:\Kai\20200206_Exp313-LSM780M2-BS1_BS2_seq_tests\template_DE_W0001_P0001\template_DE_1_W0001_P0001_T0001.czi
2020-03-04 21:23:06,665 INFO     Template image: P:\Kai\20200206_Exp313-LSM780M2-BS1_BS2_seq_tests\template_DE_W0001_P0001\template_DE_1_W0001_P0001_T0001.czi
2020-03-04 21:23:06,666 INFO     New image: P:\Kai\20200206_Exp313-LSM780M2-BS1_BS2_seq_tests\template_DE_W0001_P0001\template_DE_1_W0001_P0001_T0001.czi
2020-03-04 21:23:06,666 INFO     New image: P:\Kai\20200206_Exp313-LSM780M2-BS1_BS2_seq_tests\template_DE_W0001_P0001\template_DE_1_W0001_P0001_T0001.czi
2020-03-04 21:23:06,803 INFO     Template image: P:\Kai\20200206_Exp313-LSM780M2-BS1_BS2_seq_tests\template_DE_W0001_P0001\template_DE_1_W0001_P0001_T0001.czi
2020-03-04 21:23:06,803 INFO     New image: P:\Kai\20200206_Exp313-LSM780M2-BS1_BS2_seq_tests\template_DE_W0001_P0001\template_DE_1_W0001_P0001_T0001.czi
2020-03-04 21:23:10,020 INFO     Finished registering, newX, newY, newZ: 256.0 256.0 14.5
2020-03-04 21:23:10,113 INFO     Finished registering, newX, newY, newZ: 256.0 256.0 14.5
2020-03-04 21:23:10,223 INFO     Finished registering, newX, newY, newZ: 256.0 256.0 14.5
2020-03-04 21:23:10,555 INFO     Finished registering, newX, newY, newZ: 256.0 256.0 14.5
2020-03-04 21:24:14,926 INFO     AutoImage script initialized in False
2020-03-04 21:25:20,306 INFO     Template image: P:\Kai\20200206_Exp313-LSM780M2-BS1_BS2_seq_tests\template_DE_W0001_P0001\template_DE_1_W0001_P0001_T0001.czi
2020-03-04 21:25:20,306 INFO     New image: P:\Kai\20200206_Exp313-LSM780M2-BS1_BS2_seq_tests\template_DE_W0001_P0001\template_DE_1_W0001_P0001_T0001.czi
2020-03-04 21:25:20,421 INFO     Template image: P:\Kai\20200206_Exp313-LSM780M2-BS1_BS2_seq_tests\template_DE_W0001_P0001\template_DE_1_W0001_P0001_T0001.czi
2020-03-04 21:25:20,422 INFO     New image: P:\Kai\20200206_Exp313-LSM780M2-BS1_BS2_seq_tests\template_DE_W0001_P0001\template_DE_1_W0001_P0001_T0001.czi
2020-03-04 21:25:21,241 INFO     Template image: P:\Kai\20200206_Exp313-LSM780M2-BS1_BS2_seq_tests\template_DE_W0001_P0001\template_DE_1_W0001_P0001_T0001.czi
2020-03-04 21:25:21,242 INFO     New image: P:\Kai\20200206_Exp313-LSM780M2-BS1_BS2_seq_tests\template_DE_W0001_P0001\template_DE_1_W0001_P0001_T0001.czi
2020-03-04 21:25:21,335 INFO     Template image: P:\Kai\20200206_Exp313-LSM780M2-BS1_BS2_seq_tests\template_DE_W0001_P0001\template_DE_1_W0001_P0001_T0001.czi
2020-03-04 21:25:21,336 INFO     New image: P:\Kai\20200206_Exp313-LSM780M2-BS1_BS2_seq_tests\template_DE_W0001_P0001\template_DE_1_W0001_P0001_T0001.czi
2020-03-04 21:25:24,272 INFO     Finished registering, newX, newY, newZ: 256.0 256.0 14.5
2020-03-04 21:25:24,348 INFO     Finished registering, newX, newY, newZ: 256.0 256.0 14.5
2020-03-04 21:25:24,518 INFO     Finished registering, newX, newY, newZ: 256.0 256.0 14.5
2020-03-04 21:25:24,682 INFO     Finished registering, newX, newY, newZ: 256.0 256.0 14.5
